#
# There is insufficient memory for the Java Runtime Environment to continue.
# Native memory allocation (mmap) failed to map 134217728 bytes for G1 virtual space
# Possible reasons:
#   The system is out of physical RAM or swap space
#   The process is running with CompressedOops enabled, and the Java Heap may be blocking the growth of the native heap
# Possible solutions:
#   Reduce memory load on the system
#   Increase physical memory or swap space
#   Check if swap backing store is full
#   Decrease Java heap size (-Xmx/-Xms)
#   Decrease number of Java threads
#   Decrease Java thread stack sizes (-Xss)
#   Set larger code cache with -XX:ReservedCodeCacheSize=
#   JVM is running with Unscaled Compressed Oops mode in which the Java heap is
#     placed in the first 4GB address space. The Java Heap base address is the
#     maximum limit for the native heap growth. Please use -XX:HeapBaseMinAddress
#     to set the Java Heap base and to place the Java Heap above 4GB virtual address.
# This output file may be truncated or incomplete.
#
#  Out of Memory Error (./open/src/hotspot/os/windows/os_windows.cpp:3472), pid=4272, tid=7892
#
# JRE version:  (15.0+36) (build )
# Java VM: Java HotSpot(TM) 64-Bit Server VM (15+36-1562, mixed mode, sharing, tiered, compressed oops, g1 gc, windows-amd64)
# No core dump will be written. Minidumps are not enabled by default on client versions of Windows
#

---------------  S U M M A R Y ------------

Command Line: -Dmaven.multiModuleProjectDirectory=D:\plugin\Jiyuuhome -Dmaven.home=C:\Users\user\Desktop\mod—p\ideaIC-2020.2.3.win\plugins\maven\lib\maven3 -Dclassworlds.conf=C:\Users\user\Desktop\mod—p\ideaIC-2020.2.3.win\plugins\maven\lib\maven3\bin\m2.conf -Dmaven.ext.class.path=C:\Users\user\Desktop\mod—p\ideaIC-2020.2.3.win\plugins\maven\lib\maven-event-listener.jar -javaagent:C:\Users\user\Desktop\mod—p\ideaIC-2020.2.3.win\lib\idea_rt.jar=64186:C:\Users\user\Desktop\mod—p\ideaIC-2020.2.3.win\bin -Dfile.encoding=UTF-8 org.codehaus.classworlds.Launcher -Didea.version=2020.2.3 clean package

Host: Intel(R) Core(TM) i5-3230M CPU @ 2.60GHz, 4 cores, 7G,  Windows 10 , 64 bit Build 18362 (10.0.18362.1316)
Time: Sat Feb  6 09:13:57 2021 ???? (?W?€??) elapsed time: 0.091262 seconds (0d 0h 0m 0s)

---------------  T H R E A D  ---------------

Current thread (0x000002be23af3af0):  JavaThread "Unknown thread" [_thread_in_vm, id=7892, stack(0x000000daace00000,0x000000daacf00000)]

Stack: [0x000000daace00000,0x000000daacf00000]
Native frames: (J=compiled Java code, j=interpreted, Vv=VM code, C=native code)
V  [jvm.dll+0x629eaa]
V  [jvm.dll+0x780379]
V  [jvm.dll+0x781ad3]
V  [jvm.dll+0x782133]
V  [jvm.dll+0x2159d5]
V  [jvm.dll+0x627299]
V  [jvm.dll+0x61bdd5]
V  [jvm.dll+0x2cf96d]
V  [jvm.dll+0x2cf7d2]
V  [jvm.dll+0x2d57ac]
V  [jvm.dll+0x32523a]
V  [jvm.dll+0x324904]
V  [jvm.dll+0x2a68ea]
V  [jvm.dll+0x2a7a88]
V  [jvm.dll+0x75d0f1]
V  [jvm.dll+0x333af4]
V  [jvm.dll+0x73d816]
V  [jvm.dll+0x3b68e7]
V  [jvm.dll+0x3b8371]
C  [jli.dll+0x52fb]
C  [ucrtbase.dll+0x210b2]
C  [KERNEL32.DLL+0x17c24]
C  [ntdll.dll+0x6d4d1]


---------------  P R O C E S S  ---------------

Threads class SMR info:
_java_thread_list=0x00007fff5dcc2fa0, length=0, elements={
}

Java Threads: ( => current thread )

Other Threads:
  0x000002be23b32ab0 GCTaskThread "GC Thread#0" [stack: 0x000000daacf00000,0x000000daad000000] [id=12004]
  0x000002be23b44960 ConcurrentGCThread "G1 Main Marker" [stack: 0x000000daad000000,0x000000daad100000] [id=11036]
  0x000002be23b46470 ConcurrentGCThread "G1 Conc#0" [stack: 0x000000daad100000,0x000000daad200000] [id=13916]

[error occurred during error reporting (printing all threads), id 0xc0000005, EXCEPTION_ACCESS_VIOLATION (0xc0000005) at pc=0x00007fff5d4b77b7]

VM state: not at safepoint (not fully initialized)

VM Mutex/Monitor currently owned by a thread:  ([mutex/lock_event])
[0x000002be23af0220] Heap_lock - owner thread: 0x000002be23af3af0

Heap address: 0x0000000081a00000, size: 2022 MB, Compressed Oops mode: 32-bit
CDS archive(s) mapped at: [0x0000000000000000-0x0000000000000000-0x0000000000000000), size 0, SharedBaseAddress: 0x0000000800000000, ArchiveRelocationMode: 0.
Narrow klass base: 0x0000000000000000, Narrow klass shift: 0, Narrow klass range: 0x0

Heap:
 garbage-first heap   total 131072K, used 0K [0x0000000081a00000, 0x0000000100000000)
  region size 1024K, 0 young (0K), 0 survivors (0K)
 Metaspace       used 0K, capacity 0K, committed 0K, reserved 0K
  class space    used 0K, capacity 0K, committed 0K, reserved 0K

Heap Regions: E=young(eden), S=young(survivor), O=old, HS=humongous(starts), HC=humongous(continues), CS=collection set, F=free, OA=open archive, CA=closed archive, TAMS=top-at-mark-start (previous, next)

Card table byte_map: [0x000002be3b120000,0x000002be3b520000] _byte_map_base: 0x000002be3ad13000

Marking Bits (Prev, Next): (CMBitMap*) 0x000002be23b34240, (CMBitMap*) 0x000002be23b34280
 Prev Bits: [0x000002be3b920000, 0x000002be3d8b8000)
 Next Bits: [0x000002be3d8c0000, 0x000002be3f858000)

GC Heap History (0 events):
No events

Deoptimization events (0 events):
No events

Classes unloaded (0 events):
No events

Classes redefined (0 events):
No events

Internal exceptions (0 events):
No events

Events (1 events):
Event: 0.057 Loaded shared library C:\Program Files\Java\jdk-15\bin\java.dll


Dynamic libraries:
0x00007ff61ca50000 - 0x00007ff61ca5f000 	C:\Program Files\Java\jdk-15\bin\java.exe
0x00007fffa0e20000 - 0x00007fffa1010000 	C:\Windows\SYSTEM32\ntdll.dll
0x00007fffa0140000 - 0x00007fffa01f2000 	C:\Windows\System32\KERNEL32.DLL
0x00007fff9e380000 - 0x00007fff9e625000 	C:\Windows\System32\KERNELBASE.dll
0x00007fff9de60000 - 0x00007fff9df5a000 	C:\Windows\System32\ucrtbase.dll
0x00007fff87870000 - 0x00007fff87889000 	C:\Program Files\Java\jdk-15\bin\VCRUNTIME140.dll
0x00007fff87690000 - 0x00007fff876a8000 	C:\Program Files\Java\jdk-15\bin\jli.dll
0x00007fff9ff80000 - 0x00007fffa0023000 	C:\Windows\System32\ADVAPI32.dll
0x00007fffa0420000 - 0x00007fffa04be000 	C:\Windows\System32\msvcrt.dll
0x00007fff9fd40000 - 0x00007fff9fdd7000 	C:\Windows\System32\sechost.dll
0x00007fffa07a0000 - 0x00007fffa08bf000 	C:\Windows\System32\RPCRT4.dll
0x00007fff9fde0000 - 0x00007fff9ff74000 	C:\Windows\System32\USER32.dll
0x00007fff9dda0000 - 0x00007fff9ddc1000 	C:\Windows\System32\win32u.dll
0x00007fffa0030000 - 0x00007fffa0056000 	C:\Windows\System32\GDI32.dll
0x00007fff9df60000 - 0x00007fff9e0f8000 	C:\Windows\System32\gdi32full.dll
0x00007fff9e630000 - 0x00007fff9e6ce000 	C:\Windows\System32\msvcp_win.dll
0x00007fff95b50000 - 0x00007fff95dd4000 	C:\Windows\WinSxS\amd64_microsoft.windows.common-controls_6595b64144ccf1df_6.0.18362.1316_none_9e7a364fe461dbd7\COMCTL32.dll
0x00007fff9f260000 - 0x00007fff9f597000 	C:\Windows\System32\combase.dll
0x00007fff9ddd0000 - 0x00007fff9de51000 	C:\Windows\System32\bcryptPrimitives.dll
0x00007fff963e0000 - 0x00007fff963ea000 	C:\Windows\SYSTEM32\VERSION.dll
0x00007fff9f620000 - 0x00007fff9f64e000 	C:\Windows\System32\IMM32.DLL
0x00007fff95a50000 - 0x00007fff95a5c000 	C:\Program Files\Java\jdk-15\bin\vcruntime140_1.dll
0x00007fff6b3a0000 - 0x00007fff6b431000 	C:\Program Files\Java\jdk-15\bin\msvcp140.dll
0x00007fff5d200000 - 0x00007fff5dd5c000 	C:\Program Files\Java\jdk-15\bin\server\jvm.dll
0x00007fffa0270000 - 0x00007fffa0278000 	C:\Windows\System32\PSAPI.DLL
0x00007fff8c930000 - 0x00007fff8c939000 	C:\Windows\SYSTEM32\WSOCK32.dll
0x00007fffa0200000 - 0x00007fffa026f000 	C:\Windows\System32\WS2_32.dll
0x00007fff9b7d0000 - 0x00007fff9b7f4000 	C:\Windows\SYSTEM32\WINMM.dll
0x00007fff9b7a0000 - 0x00007fff9b7cd000 	C:\Windows\SYSTEM32\WINMMBASE.dll
0x00007fff9e1e0000 - 0x00007fff9e22a000 	C:\Windows\System32\cfgmgr32.dll
0x00007fff9dce0000 - 0x00007fff9dcf1000 	C:\Windows\System32\kernel.appcore.dll
0x00007fff8e210000 - 0x00007fff8e21a000 	C:\Program Files\Java\jdk-15\bin\jimage.dll
0x00007fff90cf0000 - 0x00007fff90ee4000 	C:\Windows\SYSTEM32\DBGHELP.DLL
0x00007fff90cc0000 - 0x00007fff90cea000 	C:\Windows\SYSTEM32\dbgcore.DLL
0x00007fff8e120000 - 0x00007fff8e12e000 	C:\Program Files\Java\jdk-15\bin\instrument.dll
0x00007fff844c0000 - 0x00007fff844e5000 	C:\Program Files\Java\jdk-15\bin\java.dll

dbghelp: loaded successfully - version: 4.0.5 - missing functions: none
symbol engine: initialized successfully - sym options: 0x614 - pdb path: .;C:\Program Files\Java\jdk-15\bin;C:\Windows\SYSTEM32;C:\Windows\WinSxS\amd64_microsoft.windows.common-controls_6595b64144ccf1df_6.0.18362.1316_none_9e7a364fe461dbd7;C:\Program Files\Java\jdk-15\bin\server

VM Arguments:
jvm_args: -Dmaven.multiModuleProjectDirectory=D:\plugin\Jiyuuhome -Dmaven.home=C:\Users\user\Desktop\mod—p\ideaIC-2020.2.3.win\plugins\maven\lib\maven3 -Dclassworlds.conf=C:\Users\user\Desktop\mod—p\ideaIC-2020.2.3.win\plugins\maven\lib\maven3\bin\m2.conf -Dmaven.ext.class.path=C:\Users\user\Desktop\mod—p\ideaIC-2020.2.3.win\plugins\maven\lib\maven-event-listener.jar -javaagent:C:\Users\user\Desktop\mod—p\ideaIC-2020.2.3.win\lib\idea_rt.jar=64186:C:\Users\user\Desktop\mod—p\ideaIC-2020.2.3.win\bin -Dfile.encoding=UTF-8 
java_command: org.codehaus.classworlds.Launcher -Didea.version=2020.2.3 clean package
java_class_path (initial): C:\Users\user\Desktop\mod—p\ideaIC-2020.2.3.win\plugins\maven\lib\maven3\boot\plexus-classworlds-2.6.0.jar;C:\Users\user\Desktop\mod—p\ideaIC-2020.2.3.win\plugins\maven\lib\maven3\boot\plexus-classworlds.license
Launcher Type: SUN_STANDARD

[Global flags]
     intx CICompilerCount                          = 3                                         {product} {ergonomic}
     uint ConcGCThreads                            = 1                                         {product} {ergonomic}
     uint G1ConcRefinementThreads                  = 4                                         {product} {ergonomic}
   size_t G1HeapRegionSize                         = 1048576                                   {product} {ergonomic}
    uintx GCDrainStackTargetSize                   = 64                                        {product} {ergonomic}
   size_t InitialHeapSize                          = 134217728                                 {product} {ergonomic}
   size_t MarkStackSize                            = 4194304                                   {product} {ergonomic}
   size_t MaxHeapSize                              = 2120220672                                {product} {ergonomic}
   size_t MinHeapDeltaBytes                        = 1048576                                   {product} {ergonomic}
   size_t MinHeapSize                              = 8388608                                   {product} {ergonomic}
    uintx NonNMethodCodeHeapSize                   = 5832780                                {pd product} {ergonomic}
    uintx NonProfiledCodeHeapSize                  = 122912730                              {pd product} {ergonomic}
    uintx ProfiledCodeHeapSize                     = 122912730                              {pd product} {ergonomic}
    uintx ReservedCodeCacheSize                    = 251658240                              {pd product} {ergonomic}
     bool SegmentedCodeCache                       = true                                      {product} {ergonomic}
   size_t SoftMaxHeapSize                          = 2120220672                             {manageable} {ergonomic}
     bool UseCompressedClassPointers               = true                                 {lp64_product} {ergonomic}
     bool UseCompressedOops                        = true                                 {lp64_product} {ergonomic}
     bool UseG1GC                                  = true                                      {product} {ergonomic}
     bool UseLargePagesIndividualAllocation        = false                                  {pd product} {ergonomic}

Logging:
Log output configuration:
 #0: stdout all=warning uptime,level,tags
 #1: stderr all=off uptime,level,tags

Environment Variables:
JAVA_HOME=C:\Program Files\Java\jdk-15
PATH=C:\Program Files (x86)\Common Files\Oracle\Java\javapath;C:\Program Files (x86)\NVIDIA Corporation\PhysX\Common;C:\Program Files (x86)\Intel\iCLS Client\;C:\Program Files\Intel\iCLS Client\;C:\Windows\system32;C:\Windows;C:\Windows\System32\Wbem;C:\Windows\System32\WindowsPowerShell\v1.0\;C:\Windows\System32\OpenSSH\;C:\Program Files (x86)\Intel\OpenCL SDK\2.0\bin\x86;C:\Program Files (x86)\Intel\OpenCL SDK\2.0\bin\x64;C:\Program Files\Intel\Intel(R) Management Engine Components\DAL;C:\Program Files\Intel\Intel(R) Management Engine Components\IPT;C:\Program Files (x86)\Intel\Intel(R) Management Engine Components\DAL;C:\Program Files (x86)\Intel\Intel(R) Management Engine Components\IPT;C:\Program Files (x86)\Intel\OpenCL SDK\2.0\bin\x86;C:\Program Files (x86)\Intel\OpenCL SDK\2.0\bin\x64;C:\Program Files\dotnet\;C:\Program Files\NVIDIA Corporation\NVIDIA NvDLISR;D:\Git\cmd;C:\Users\user\AppData\Local\Programs\Python\Python39\Scripts\;C:\Users\user\AppData\Local\Programs\Python\Python39\;C:\Users\user\AppData\Local\Microsoft\WindowsApps;C:\Users\user\.dotnet\tools;D:\heroku\bin;D:\Git\bin;D:\PostgreSQL\13\bin;D:\sqlite-tools-win32-x86-3340000;
USERNAME=user
OS=Windows_NT
PROCESSOR_IDENTIFIER=Intel64 Family 6 Model 58 Stepping 9, GenuineIntel



---------------  S Y S T E M  ---------------

OS:
 Windows 10 , 64 bit Build 18362 (10.0.18362.1316)
OS uptime: 0 days 2:37 hours

CPU: total 4 (initial active 4) (2 cores per cpu, 2 threads per core) family 6 model 58 stepping 9, cmov, cx8, fxsr, mmx, sse, sse2, sse3, ssse3, sse4.1, sse4.2, popcnt, vzeroupper, avx, aes, clmul, erms, ht, tsc, tscinvbit, tscinv, clflush

Memory: 4k page, system-wide physical 8085M (682M free)
TotalPageFile size 14197M (AvailPageFile size 94M)
current process WorkingSet (physical memory assigned to process): 10M, peak: 10M
current process commit charge ("private bytes"): 52M, peak: 179M

vm_info: Java HotSpot(TM) 64-Bit Server VM (15+36-1562) for windows-amd64 JRE (15+36-1562), built on Aug 11 2020 22:38:02 by "mach5one" with unknown MS VC++:1925

END.
